<?xml version="1.0" encoding="UTF-8"?>
<!-- Generated by org.testng.reporters.JUnitXMLReporter -->
<testsuite ignored="0" hostname="SubhadeepLaptop" failures="0" tests="3" name="Test" time="86.788" errors="0" timestamp="30 Aug 2020 16:55:54 GMT">
  <testcase classname="com.fb.test.TestMethod" name="fbLogin" time="11.95"/>
  <testcase classname="com.fb.test.TestMethod" name="fbLogin" time="11.798"/>
  <testcase classname="com.fb.test.TestMethod" name="fbLogin" time="11.959"/>
</testsuite> <!-- Test -->
