<?xml version="1.0" encoding="UTF-8"?>
<testng-results ignored="0" total="3" passed="3" failed="0" skipped="0">
  <reporter-output>
    <line>
      <![CDATA[Filled in credentials]]>
    </line>
    <line>
      <![CDATA[<img src='D:\AutomationProject\Screenshots\1598806480991.jpeg' height='250' width='500' />]]>
    </line>
    <line>
      <![CDATA[Clicked on Login]]>
    </line>
    <line>
      <![CDATA[<img src='D:\AutomationProject\Screenshots\1598806491392.jpeg' height='250' width='500' />]]>
    </line>
    <line>
      <![CDATA[Filled in credentials]]>
    </line>
    <line>
      <![CDATA[<img src='D:\AutomationProject\Screenshots\1598806508911.jpeg' height='250' width='500' />]]>
    </line>
    <line>
      <![CDATA[Clicked on Login]]>
    </line>
    <line>
      <![CDATA[<img src='D:\AutomationProject\Screenshots\1598806519318.jpeg' height='250' width='500' />]]>
    </line>
    <line>
      <![CDATA[Filled in credentials]]>
    </line>
    <line>
      <![CDATA[<img src='D:\AutomationProject\Screenshots\1598806538272.jpeg' height='250' width='500' />]]>
    </line>
    <line>
      <![CDATA[Clicked on Login]]>
    </line>
    <line>
      <![CDATA[<img src='D:\AutomationProject\Screenshots\1598806548709.jpeg' height='250' width='500' />]]>
    </line>
  </reporter-output>
  <suite started-at="2020-08-30T16:54:27Z" name="Suite" finished-at="2020-08-30T16:55:53Z" duration-ms="86788">
    <groups>
    </groups>
    <test started-at="2020-08-30T16:54:27Z" name="Test" finished-at="2020-08-30T16:55:53Z" duration-ms="86788">
      <class name="com.fb.test.TestMethod">
        <test-method is-config="true" signature="launchBrowser()[pri:0, instance:com.fb.test.TestMethod@5ad851c9]" started-at="2020-08-30T16:54:27Z" name="launchBrowser" finished-at="2020-08-30T16:54:40Z" duration-ms="13692" status="PASS">
          <reporter-output>
          </reporter-output>
        </test-method> <!-- launchBrowser -->
        <test-method signature="fbLogin(java.lang.String, java.lang.String)[pri:0, instance:com.fb.test.TestMethod@5ad851c9]" started-at="2020-08-30T16:54:40Z" name="fbLogin" data-provider="fbData" finished-at="2020-08-30T16:54:52Z" duration-ms="11950" status="PASS">
          <params>
            <param index="0">
              <value>
                <![CDATA[user1]]>
              </value>
            </param>
            <param index="1">
              <value>
                <![CDATA[pass1]]>
              </value>
            </param>
          </params>
          <reporter-output>
            <line>
              <![CDATA[Filled in credentials]]>
            </line>
            <line>
              <![CDATA[<img src='D:\AutomationProject\Screenshots\1598806480991.jpeg' height='250' width='500' />]]>
            </line>
            <line>
              <![CDATA[Clicked on Login]]>
            </line>
            <line>
              <![CDATA[<img src='D:\AutomationProject\Screenshots\1598806491392.jpeg' height='250' width='500' />]]>
            </line>
          </reporter-output>
        </test-method> <!-- fbLogin -->
        <test-method is-config="true" signature="closeBrowser()[pri:0, instance:com.fb.test.TestMethod@5ad851c9]" started-at="2020-08-30T16:54:52Z" name="closeBrowser" finished-at="2020-08-30T16:54:55Z" duration-ms="3147" status="PASS">
          <reporter-output>
          </reporter-output>
        </test-method> <!-- closeBrowser -->
        <test-method is-config="true" signature="launchBrowser()[pri:0, instance:com.fb.test.TestMethod@5ad851c9]" started-at="2020-08-30T16:54:55Z" name="launchBrowser" finished-at="2020-08-30T16:55:08Z" duration-ms="12869" status="PASS">
          <reporter-output>
          </reporter-output>
        </test-method> <!-- launchBrowser -->
        <test-method signature="fbLogin(java.lang.String, java.lang.String)[pri:0, instance:com.fb.test.TestMethod@5ad851c9]" started-at="2020-08-30T16:55:08Z" name="fbLogin" data-provider="fbData" finished-at="2020-08-30T16:55:20Z" duration-ms="11798" status="PASS">
          <params>
            <param index="0">
              <value>
                <![CDATA[user2]]>
              </value>
            </param>
            <param index="1">
              <value>
                <![CDATA[pass2]]>
              </value>
            </param>
          </params>
          <reporter-output>
            <line>
              <![CDATA[Filled in credentials]]>
            </line>
            <line>
              <![CDATA[<img src='D:\AutomationProject\Screenshots\1598806508911.jpeg' height='250' width='500' />]]>
            </line>
            <line>
              <![CDATA[Clicked on Login]]>
            </line>
            <line>
              <![CDATA[<img src='D:\AutomationProject\Screenshots\1598806519318.jpeg' height='250' width='500' />]]>
            </line>
          </reporter-output>
        </test-method> <!-- fbLogin -->
        <test-method is-config="true" signature="closeBrowser()[pri:0, instance:com.fb.test.TestMethod@5ad851c9]" started-at="2020-08-30T16:55:20Z" name="closeBrowser" finished-at="2020-08-30T16:55:23Z" duration-ms="3029" status="PASS">
          <reporter-output>
          </reporter-output>
        </test-method> <!-- closeBrowser -->
        <test-method is-config="true" signature="launchBrowser()[pri:0, instance:com.fb.test.TestMethod@5ad851c9]" started-at="2020-08-30T16:55:23Z" name="launchBrowser" finished-at="2020-08-30T16:55:38Z" duration-ms="14484" status="PASS">
          <reporter-output>
          </reporter-output>
        </test-method> <!-- launchBrowser -->
        <test-method signature="fbLogin(java.lang.String, java.lang.String)[pri:0, instance:com.fb.test.TestMethod@5ad851c9]" started-at="2020-08-30T16:55:38Z" name="fbLogin" data-provider="fbData" finished-at="2020-08-30T16:55:50Z" duration-ms="11959" status="PASS">
          <params>
            <param index="0">
              <value>
                <![CDATA[user3]]>
              </value>
            </param>
            <param index="1">
              <value>
                <![CDATA[pass3]]>
              </value>
            </param>
          </params>
          <reporter-output>
            <line>
              <![CDATA[Filled in credentials]]>
            </line>
            <line>
              <![CDATA[<img src='D:\AutomationProject\Screenshots\1598806538272.jpeg' height='250' width='500' />]]>
            </line>
            <line>
              <![CDATA[Clicked on Login]]>
            </line>
            <line>
              <![CDATA[<img src='D:\AutomationProject\Screenshots\1598806548709.jpeg' height='250' width='500' />]]>
            </line>
          </reporter-output>
        </test-method> <!-- fbLogin -->
        <test-method is-config="true" signature="closeBrowser()[pri:0, instance:com.fb.test.TestMethod@5ad851c9]" started-at="2020-08-30T16:55:50Z" name="closeBrowser" finished-at="2020-08-30T16:55:53Z" duration-ms="3805" status="PASS">
          <reporter-output>
          </reporter-output>
        </test-method> <!-- closeBrowser -->
      </class> <!-- com.fb.test.TestMethod -->
    </test> <!-- Test -->
  </suite> <!-- Suite -->
</testng-results>
